# JRE version: OpenJDK Runtime Environment (8.0_152-b12) (build 1.8.0_152-release-1056-b12)
# Java VM: OpenJDK 64-Bit Server VM (25.152-b12 mixed mode linux-amd64 compressed oops)
Heap:
 PSYoungGen      total 311808K, used 164873K [0x0000000719380000, 0x000000072fe80000, 0x00000007c0000000)
  eden space 293376K, 50% used [0x0000000719380000,0x00000007222c3008,0x000000072b200000)
  from space 18432K, 98% used [0x000000072ec80000,0x000000072fe3f760,0x000000072fe80000)
  to   space 29184K, 0% used [0x000000072c580000,0x000000072c580000,0x000000072e200000)
 ParOldGen       total 476672K, used 40704K [0x00000005cba00000, 0x00000005e8b80000, 0x0000000719380000)
  object space 476672K, 8% used [0x00000005cba00000,0x00000005ce1c0118,0x00000005e8b80000)
 Metaspace       used 71911K, capacity 73001K, committed 73304K, reserved 1112064K
  class space    used 9710K, capacity 10028K, committed 10112K, reserved 1048576K
GC Heap History (10 events):
Event: 1689,319 GC heap before
{Heap before GC invocations=25 (full 3):
 PSYoungGen      total 343040K, used 342982K [0x0000000719380000, 0x0000000732880000, 0x00000007c0000000)
  eden space 324608K, 100% used [0x0000000719380000,0x000000072d080000,0x000000072d080000)
  from space 18432K, 99% used [0x0000000730500000,0x00000007316f1b30,0x0000000731700000)
  to   space 17920K, 0% used [0x0000000731700000,0x0000000731700000,0x0000000732880000)
 ParOldGen       total 476672K, used 32076K [0x00000005cba00000, 0x00000005e8b80000, 0x0000000719380000)
  object space 476672K, 6% used [0x00000005cba00000,0x00000005cd9532c8,0x00000005e8b80000)
 Metaspace       used 71235K, capacity 72151K, committed 72408K, reserved 1112064K
  class space    used 9666K, capacity 9891K, committed 9984K, reserved 1048576K
Event: 1689,325 GC heap after
Heap after GC invocations=25 (full 3):
 PSYoungGen      total 335872K, used 17918K [0x0000000719380000, 0x0000000732880000, 0x00000007c0000000)
  eden space 317952K, 0% used [0x0000000719380000,0x0000000719380000,0x000000072ca00000)
  from space 17920K, 99% used [0x0000000731700000,0x000000073287fae8,0x0000000732880000)
  to   space 28160K, 0% used [0x000000072f180000,0x000000072f180000,0x0000000730d00000)
 ParOldGen       total 476672K, used 34574K [0x00000005cba00000, 0x00000005e8b80000, 0x0000000719380000)
  object space 476672K, 7% used [0x00000005cba00000,0x00000005cdbc39c8,0x00000005e8b80000)
 Metaspace       used 71235K, capacity 72151K, committed 72408K, reserved 1112064K
  class space    used 9666K, capacity 9891K, committed 9984K, reserved 1048576K
}
Event: 1811,071 GC heap before
{Heap before GC invocations=26 (full 3):
 PSYoungGen      total 335872K, used 335870K [0x0000000719380000, 0x0000000732880000, 0x00000007c0000000)
  eden space 317952K, 100% used [0x0000000719380000,0x000000072ca00000,0x000000072ca00000)
  from space 17920K, 99% used [0x0000000731700000,0x000000073287fae8,0x0000000732880000)
  to   space 28160K, 0% used [0x000000072f180000,0x000000072f180000,0x0000000730d00000)
 ParOldGen       total 476672K, used 34574K [0x00000005cba00000, 0x00000005e8b80000, 0x0000000719380000)
  object space 476672K, 7% used [0x00000005cba00000,0x00000005cdbc39c8,0x00000005e8b80000)
 Metaspace       used 71552K, capacity 72567K, committed 72664K, reserved 1112064K
  class space    used 9682K, capacity 9961K, committed 9984K, reserved 1048576K
Event: 1811,077 GC heap after
Heap after GC invocations=26 (full 3):
 PSYoungGen      total 332288K, used 20822K [0x0000000719380000, 0x0000000731780000, 0x00000007c0000000)
  eden space 311296K, 0% used [0x0000000719380000,0x0000000719380000,0x000000072c380000)
  from space 20992K, 99% used [0x000000072f180000,0x00000007305d5a90,0x0000000730600000)
  to   space 17920K, 0% used [0x0000000730600000,0x0000000730600000,0x0000000731780000)
 ParOldGen       total 476672K, used 34582K [0x00000005cba00000, 0x00000005e8b80000, 0x0000000719380000)
  object space 476672K, 7% used [0x00000005cba00000,0x00000005cdbc59c8,0x00000005e8b80000)
 Metaspace       used 71552K, capacity 72567K, committed 72664K, reserved 1112064K
  class space    used 9682K, capacity 9961K, committed 9984K, reserved 1048576K
}
Event: 2456,406 GC heap before
{Heap before GC invocations=27 (full 3):
 PSYoungGen      total 332288K, used 332118K [0x0000000719380000, 0x0000000731780000, 0x00000007c0000000)
  eden space 311296K, 100% used [0x0000000719380000,0x000000072c380000,0x000000072c380000)
  from space 20992K, 99% used [0x000000072f180000,0x00000007305d5a90,0x0000000730600000)
  to   space 17920K, 0% used [0x0000000730600000,0x0000000730600000,0x0000000731780000)
 ParOldGen       total 476672K, used 34582K [0x00000005cba00000, 0x00000005e8b80000, 0x0000000719380000)
  object space 476672K, 7% used [0x00000005cba00000,0x00000005cdbc59c8,0x00000005e8b80000)
 Metaspace       used 71638K, capacity 72651K, committed 72920K, reserved 1112064K
  class space    used 9685K, capacity 9965K, committed 9984K, reserved 1048576K
Event: 2456,416 GC heap after
Heap after GC invocations=27 (full 3):
 PSYoungGen      total 323072K, used 17906K [0x0000000719380000, 0x0000000731780000, 0x00000007c0000000)
  eden space 305152K, 0% used [0x0000000719380000,0x0000000719380000,0x000000072bd80000)
  from space 17920K, 99% used [0x0000000730600000,0x000000073177c8e0,0x0000000731780000)
  to   space 30720K, 0% used [0x000000072db80000,0x000000072db80000,0x000000072f980000)
 ParOldGen       total 476672K, used 38948K [0x00000005cba00000, 0x00000005e8b80000, 0x0000000719380000)
  object space 476672K, 8% used [0x00000005cba00000,0x00000005ce009088,0x00000005e8b80000)
 Metaspace       used 71638K, capacity 72651K, committed 72920K, reserved 1112064K
  class space    used 9685K, capacity 9965K, committed 9984K, reserved 1048576K
}
Event: 2526,387 GC heap before
{Heap before GC invocations=28 (full 3):
 PSYoungGen      total 323072K, used 323058K [0x0000000719380000, 0x0000000731780000, 0x00000007c0000000)
  eden space 305152K, 100% used [0x0000000719380000,0x000000072bd80000,0x000000072bd80000)
  from space 17920K, 99% used [0x0000000730600000,0x000000073177c8e0,0x0000000731780000)
  to   space 30720K, 0% used [0x000000072db80000,0x000000072db80000,0x000000072f980000)
 ParOldGen       total 476672K, used 38948K [0x00000005cba00000, 0x00000005e8b80000, 0x0000000719380000)
  object space 476672K, 8% used [0x00000005cba00000,0x00000005ce009088,0x00000005e8b80000)
 Metaspace       used 71700K, capacity 72701K, committed 72920K, reserved 1112064K
  class space    used 9693K, capacity 9978K, committed 9984K, reserved 1048576K
Event: 2526,396 GC heap after
Heap after GC invocations=28 (full 3):
 PSYoungGen      total 316416K, used 17097K [0x0000000719380000, 0x0000000730680000, 0x00000007c0000000)
  eden space 299008K, 0% used [0x0000000719380000,0x0000000719380000,0x000000072b780000)
  from space 17408K, 98% used [0x000000072db80000,0x000000072ec32460,0x000000072ec80000)
  to   space 26624K, 0% used [0x000000072ec80000,0x000000072ec80000,0x0000000730680000)
 ParOldGen       total 476672K, used 40696K [0x00000005cba00000, 0x00000005e8b80000, 0x0000000719380000)
  object space 476672K, 8% used [0x00000005cba00000,0x00000005ce1be118,0x00000005e8b80000)
 Metaspace       used 71700K, capacity 72701K, committed 72920K, reserved 1112064K
  class space    used 9693K, capacity 9978K, committed 9984K, reserved 1048576K
}
Event: 2834,202 GC heap before
{Heap before GC invocations=29 (full 3):
 PSYoungGen      total 316416K, used 316105K [0x0000000719380000, 0x0000000730680000, 0x00000007c0000000)
  eden space 299008K, 100% used [0x0000000719380000,0x000000072b780000,0x000000072b780000)
  from space 17408K, 98% used [0x000000072db80000,0x000000072ec32460,0x000000072ec80000)
  to   space 26624K, 0% used [0x000000072ec80000,0x000000072ec80000,0x0000000730680000)
 ParOldGen       total 476672K, used 40696K [0x00000005cba00000, 0x00000005e8b80000, 0x0000000719380000)
  object space 476672K, 8% used [0x00000005cba00000,0x00000005ce1be118,0x00000005e8b80000)
 Metaspace       used 71822K, capacity 72949K, committed 73304K, reserved 1112064K
  class space    used 9702K, capacity 9992K, committed 10112K, reserved 1048576K
Event: 2834,208 GC heap after
Heap after GC invocations=29 (full 3):
 PSYoungGen      total 311808K, used 18173K [0x0000000719380000, 0x000000072fe80000, 0x00000007c0000000)
  eden space 293376K, 0% used [0x0000000719380000,0x0000000719380000,0x000000072b200000)
  from space 18432K, 98% used [0x000000072ec80000,0x000000072fe3f760,0x000000072fe80000)
  to   space 29184K, 0% used [0x000000072c580000,0x000000072c580000,0x000000072e200000)
 ParOldGen       total 476672K, used 40704K [0x00000005cba00000, 0x00000005e8b80000, 0x0000000719380000)
  object space 476672K, 8% used [0x00000005cba00000,0x00000005ce1c0118,0x00000005e8b80000)
 Metaspace       used 71822K, capacity 72949K, committed 73304K, reserved 1112064K
  class space    used 9702K, capacity 9992K, committed 10112K, reserved 1048576K
}

